2017-11-14 18:13:12.104 [localhost-startStop-1] INFO  com.ray.dingtalk.isv.controller.IsvReceiveServlet - init---------------
2017-11-14 18:13:12.452 [localhost-startStop-1] INFO  com.ray.dingtalk.isv.controller.IsvReceiveServlet - {"initParameterNames":[],"servletContext":{"initParameterNames":[],"filterRegistrations":{"Tomcat WebSocket (JSR356) Filter":{"initParameters":{},"name":"Tomcat WebSocket (JSR356) Filter","className":"org.apache.tomcat.websocket.server.WsFilter","servletNameMappings":[],"urlPatternMappings":["/*"]}},"servletNames":[],"contextPath":"/dingtalk_isv","defaultSessionTrackingModes":["COOKIE","URL"],"majorVersion":3,"effectiveMinorVersion":5,"sessionCookieConfig":{"maxAge":-1,"httpOnly":false,"secure":false},"effectiveSessionTrackingModes":["COOKIE","URL"],"attributeNames":["javax.servlet.context.tempdir","org.apache.catalina.resources","org.apache.tomcat.util.scan.MergedWebXml","org.apache.tomcat.InstanceManager","org.apache.catalina.jsp_classpath","javax.websocket.server.ServerContainer","org.apache.tomcat.JarScanner"],"serverInfo":"Apache Tomcat/7.0.79","servletRegistrations":{"isvReceive":{"initParameters":{},"mappings":["/isvReceive"],"name":"isvReceive","className":"com.ray.dingtalk.isv.controller.IsvReceiveServlet"},"default":{"initParameters":{"listings":"false","debug":"0"},"mappings":["/"],"name":"default","className":"org.apache.catalina.servlets.DefaultServlet"},"jsp":{"initParameters":{"fork":"false","xpoweredBy":"false"},"mappings":["*.jspx","*.jsp"],"name":"jsp","className":"org.apache.jasper.servlet.JspServlet"}},"servlets":[],"minorVersion":0,"servletContextName":"dingtalk_isv","effectiveMajorVersion":2},"servletName":"isvReceive"}
2017-11-14 18:13:12.465 [Thread-17] INFO  com.ray.dingtalk.isv.auth.thread.TokenRunnable - 定时获取accessToken和jsapiTicket------------------------
2017-11-14 18:13:12.505 [Thread-17] INFO  com.ray.dingtalk.isv.auth.AuthHelper - accessTokenValue:{"access_token":"73d3bef0b5eb3242a16482c47cc9ed47","begin_time":1510644478655}
2017-11-14 18:13:14.185 [Thread-17] INFO  com.ray.dingtalk.isv.util.HttpHelper - POST请求结果：{"errcode":40014,"errmsg":"不合法的access_token"}
2017-11-14 18:13:14.186 [Thread-17] INFO  com.ray.dingtalk.isv.util.HttpHelper - request url=https://oapi.dingtalk.com/service/get_corp_token?suite_access_token=188b3cfae885359b897aacaf1594775d,return value=
2017-11-14 18:13:14.186 [Thread-17] INFO  com.ray.dingtalk.isv.util.HttpHelper - {"errcode":40014,"errmsg":"不合法的access_token"}
2017-11-14 18:13:21.809 [http-apr-8080-exec-5] INFO  com.ray.dingtalk.isv.auth.AuthHelper - 2017-11-14 18:13:21 getconfig,url:http://localhost:8080/dingtalk_isv/IDAuthentication.jsp query:null corpid:ding86a8a5b5a7b5872135c2f4657eb6378f appid:4404
2017-11-14 18:13:21.810 [http-apr-8080-exec-5] INFO  com.ray.dingtalk.isv.auth.AuthHelper - http://localhost:8080/dingtalk_isv/IDAuthentication.jsp
2017-11-14 18:13:21.811 [http-apr-8080-exec-5] INFO  com.ray.dingtalk.isv.auth.AuthHelper - accessTokenValue:{"access_token":"73d3bef0b5eb3242a16482c47cc9ed47","begin_time":1510644478655}
2017-11-14 18:13:22.742 [http-apr-8080-exec-5] INFO  com.ray.dingtalk.isv.util.HttpHelper - POST请求结果：{"errcode":40014,"errmsg":"不合法的access_token"}
2017-11-14 18:13:22.743 [http-apr-8080-exec-5] INFO  com.ray.dingtalk.isv.util.HttpHelper - request url=https://oapi.dingtalk.com/service/get_corp_token?suite_access_token=188b3cfae885359b897aacaf1594775d,return value=
2017-11-14 18:13:22.743 [http-apr-8080-exec-5] INFO  com.ray.dingtalk.isv.util.HttpHelper - {"errcode":40014,"errmsg":"不合法的access_token"}
2017-11-14 18:13:22.745 [http-apr-8080-exec-5] INFO  com.ray.dingtalk.isv.auth.AuthHelper - accessToken:null
2017-11-14 18:13:22.745 [http-apr-8080-exec-5] INFO  com.ray.dingtalk.isv.auth.AuthHelper - ticket:null
2017-11-14 18:13:22.745 [http-apr-8080-exec-5] INFO  com.ray.dingtalk.isv.auth.AuthHelper - signature:null
2017-11-14 18:13:22.746 [http-apr-8080-exec-5] INFO  com.ray.dingtalk.isv.auth.AuthHelper - nonceStr:abcdefg
2017-11-14 18:13:22.746 [http-apr-8080-exec-5] INFO  com.ray.dingtalk.isv.auth.AuthHelper - timeStamp:1510654401
2017-11-14 18:13:22.746 [http-apr-8080-exec-5] INFO  com.ray.dingtalk.isv.auth.AuthHelper - agentid:null
2017-11-14 18:13:22.746 [http-apr-8080-exec-5] INFO  com.ray.dingtalk.isv.auth.AuthHelper - corpId:ding86a8a5b5a7b5872135c2f4657eb6378f
2017-11-14 18:13:22.746 [http-apr-8080-exec-5] INFO  com.ray.dingtalk.isv.auth.AuthHelper - appId:4404
